🚨 ALERTE ERREUR CRITIQUE 🚨
Timestamp: 2025-09-13 00:58:00.000000
Interface: EXCEPTION
Message: Exception non gérée: syntax error, unexpected token ","
Fichier: advanced_logger.php:388
Contexte: {
    "exception_class": "ParseError",
    "file": "C:\\xampp\\htdocs\\COURSIER_LOCAL\\sections index\\map.php",
    "line": 4,
    "trace": "#0 {main}"
}
Stack Trace: [
    {
        "file": "C:\\xampp\\htdocs\\COURSIER_LOCAL\\diagnostic_logs\\advanced_logger.php",
        "line": 330,
        "function": "log",
        "class": "AdvancedLogger",
        "type": "->"
    },
    {
        "file": "C:\\xampp\\htdocs\\COURSIER_LOCAL\\diagnostic_logs\\advanced_logger.php",
        "line": 388,
        "function": "logCritical"
    },
    {
        "function": "{closure}"
    }
]
=====================================
🚨 ALERTE ERREUR CRITIQUE 🚨
Timestamp: 2025-09-13 00:58:17.000000
Interface: EXCEPTION
Message: Exception non gérée: syntax error, unexpected token ","
Fichier: advanced_logger.php:388
Contexte: {
    "exception_class": "ParseError",
    "file": "C:\\xampp\\htdocs\\COURSIER_LOCAL\\sections index\\map.php",
    "line": 4,
    "trace": "#0 {main}"
}
Stack Trace: [
    {
        "file": "C:\\xampp\\htdocs\\COURSIER_LOCAL\\diagnostic_logs\\advanced_logger.php",
        "line": 330,
        "function": "log",
        "class": "AdvancedLogger",
        "type": "->"
    },
    {
        "file": "C:\\xampp\\htdocs\\COURSIER_LOCAL\\diagnostic_logs\\advanced_logger.php",
        "line": 388,
        "function": "logCritical"
    },
    {
        "function": "{closure}"
    }
]
=====================================
🚨 ALERTE ERREUR CRITIQUE 🚨
Timestamp: 2025-09-13 01:57:04.000000
Interface: EXCEPTION
Message: Exception non gérée: syntax error, unexpected token ","
Fichier: advanced_logger.php:388
Contexte: {
    "exception_class": "ParseError",
    "file": "C:\\xampp\\htdocs\\COURSIER_LOCAL\\sections index\\map.php",
    "line": 4,
    "trace": "#0 {main}"
}
Stack Trace: [
    {
        "file": "C:\\xampp\\htdocs\\COURSIER_LOCAL\\diagnostic_logs\\advanced_logger.php",
        "line": 330,
        "function": "log",
        "class": "AdvancedLogger",
        "type": "->"
    },
    {
        "file": "C:\\xampp\\htdocs\\COURSIER_LOCAL\\diagnostic_logs\\advanced_logger.php",
        "line": 388,
        "function": "logCritical"
    },
    {
        "function": "{closure}"
    }
]
=====================================
🚨 ALERTE ERREUR CRITIQUE 🚨
Timestamp: 2025-09-13 01:58:57.000000
Interface: EXCEPTION
Message: Exception non gérée: syntax error, unexpected token ","
Fichier: advanced_logger.php:388
Contexte: {
    "exception_class": "ParseError",
    "file": "C:\\xampp\\htdocs\\COURSIER_LOCAL\\sections index\\map.php",
    "line": 4,
    "trace": "#0 {main}"
}
Stack Trace: [
    {
        "file": "C:\\xampp\\htdocs\\COURSIER_LOCAL\\diagnostic_logs\\advanced_logger.php",
        "line": 330,
        "function": "log",
        "class": "AdvancedLogger",
        "type": "->"
    },
    {
        "file": "C:\\xampp\\htdocs\\COURSIER_LOCAL\\diagnostic_logs\\advanced_logger.php",
        "line": 388,
        "function": "logCritical"
    },
    {
        "function": "{closure}"
    }
]
=====================================
🚨 ALERTE ERREUR CRITIQUE 🚨
Timestamp: 2025-09-13 02:00:36.000000
Interface: EXCEPTION
Message: Exception non gérée: syntax error, unexpected token ","
Fichier: advanced_logger.php:388
Contexte: {
    "exception_class": "ParseError",
    "file": "C:\\xampp\\htdocs\\COURSIER_LOCAL\\sections index\\map.php",
    "line": 4,
    "trace": "#0 {main}"
}
Stack Trace: [
    {
        "file": "C:\\xampp\\htdocs\\COURSIER_LOCAL\\diagnostic_logs\\advanced_logger.php",
        "line": 330,
        "function": "log",
        "class": "AdvancedLogger",
        "type": "->"
    },
    {
        "file": "C:\\xampp\\htdocs\\COURSIER_LOCAL\\diagnostic_logs\\advanced_logger.php",
        "line": 388,
        "function": "logCritical"
    },
    {
        "function": "{closure}"
    }
]
=====================================
🚨 ALERTE ERREUR CRITIQUE 🚨
Timestamp: 2025-09-13 02:36:23.000000
Interface: EXCEPTION
Message: Exception non gérée: syntax error, unexpected token ","
Fichier: advanced_logger.php:388
Contexte: {
    "exception_class": "ParseError",
    "file": "C:\\xampp\\htdocs\\COURSIER_LOCAL\\sections index\\map.php",
    "line": 4,
    "trace": "#0 {main}"
}
Stack Trace: [
    {
        "file": "C:\\xampp\\htdocs\\COURSIER_LOCAL\\diagnostic_logs\\advanced_logger.php",
        "line": 330,
        "function": "log",
        "class": "AdvancedLogger",
        "type": "->"
    },
    {
        "file": "C:\\xampp\\htdocs\\COURSIER_LOCAL\\diagnostic_logs\\advanced_logger.php",
        "line": 388,
        "function": "logCritical"
    },
    {
        "function": "{closure}"
    }
]
=====================================
🚨 ALERTE ERREUR CRITIQUE 🚨
Timestamp: 2025-09-13 02:37:43.000000
Interface: EXCEPTION
Message: Exception non gérée: syntax error, unexpected token ","
Fichier: advanced_logger.php:388
Contexte: {
    "exception_class": "ParseError",
    "file": "C:\\xampp\\htdocs\\COURSIER_LOCAL\\sections index\\map.php",
    "line": 4,
    "trace": "#0 {main}"
}
Stack Trace: [
    {
        "file": "C:\\xampp\\htdocs\\COURSIER_LOCAL\\diagnostic_logs\\advanced_logger.php",
        "line": 330,
        "function": "log",
        "class": "AdvancedLogger",
        "type": "->"
    },
    {
        "file": "C:\\xampp\\htdocs\\COURSIER_LOCAL\\diagnostic_logs\\advanced_logger.php",
        "line": 388,
        "function": "logCritical"
    },
    {
        "function": "{closure}"
    }
]
=====================================
🚨 ALERTE ERREUR CRITIQUE 🚨
Timestamp: 2025-09-13 02:43:14.000000
Interface: EXCEPTION
Message: Exception non gérée: syntax error, unexpected token ","
Fichier: advanced_logger.php:388
Contexte: {
    "exception_class": "ParseError",
    "file": "C:\\xampp\\htdocs\\COURSIER_LOCAL\\sections index\\map.php",
    "line": 4,
    "trace": "#0 C:\\xampp\\htdocs\\COURSIER_LOCAL\\index.php(3): include()\n#1 {main}"
}
Stack Trace: [
    {
        "file": "C:\\xampp\\htdocs\\COURSIER_LOCAL\\diagnostic_logs\\advanced_logger.php",
        "line": 330,
        "function": "log",
        "class": "AdvancedLogger",
        "type": "->"
    },
    {
        "file": "C:\\xampp\\htdocs\\COURSIER_LOCAL\\diagnostic_logs\\advanced_logger.php",
        "line": 388,
        "function": "logCritical"
    },
    {
        "function": "{closure}"
    }
]
=====================================
🚨 ALERTE ERREUR CRITIQUE 🚨
Timestamp: 2025-09-13 02:43:29.000000
Interface: EXCEPTION
Message: Exception non gérée: syntax error, unexpected token ","
Fichier: advanced_logger.php:388
Contexte: {
    "exception_class": "ParseError",
    "file": "C:\\xampp\\htdocs\\COURSIER_LOCAL\\sections index\\map.php",
    "line": 4,
    "trace": "#0 C:\\xampp\\htdocs\\COURSIER_LOCAL\\index.php(3): include()\n#1 {main}"
}
Stack Trace: [
    {
        "file": "C:\\xampp\\htdocs\\COURSIER_LOCAL\\diagnostic_logs\\advanced_logger.php",
        "line": 330,
        "function": "log",
        "class": "AdvancedLogger",
        "type": "->"
    },
    {
        "file": "C:\\xampp\\htdocs\\COURSIER_LOCAL\\diagnostic_logs\\advanced_logger.php",
        "line": 388,
        "function": "logCritical"
    },
    {
        "function": "{closure}"
    }
]
=====================================
🚨 ALERTE ERREUR CRITIQUE 🚨
Timestamp: 2025-09-13 02:43:53.000000
Interface: EXCEPTION
Message: Exception non gérée: syntax error, unexpected token ","
Fichier: advanced_logger.php:388
Contexte: {
    "exception_class": "ParseError",
    "file": "C:\\xampp\\htdocs\\COURSIER_LOCAL\\sections index\\map.php",
    "line": 4,
    "trace": "#0 C:\\xampp\\htdocs\\COURSIER_LOCAL\\index.php(3): include()\n#1 {main}"
}
Stack Trace: [
    {
        "file": "C:\\xampp\\htdocs\\COURSIER_LOCAL\\diagnostic_logs\\advanced_logger.php",
        "line": 330,
        "function": "log",
        "class": "AdvancedLogger",
        "type": "->"
    },
    {
        "file": "C:\\xampp\\htdocs\\COURSIER_LOCAL\\diagnostic_logs\\advanced_logger.php",
        "line": 388,
        "function": "logCritical"
    },
    {
        "function": "{closure}"
    }
]
=====================================
🚨 ALERTE ERREUR CRITIQUE 🚨
Timestamp: 2025-09-13 02:47:16.000000
Interface: EXCEPTION
Message: Exception non gérée: syntax error, unexpected token ","
Fichier: advanced_logger.php:388
Contexte: {
    "exception_class": "ParseError",
    "file": "C:\\xampp\\htdocs\\COURSIER_LOCAL\\sections index\\map.php",
    "line": 4,
    "trace": "#0 C:\\xampp\\htdocs\\COURSIER_LOCAL\\index.php(3): include()\n#1 {main}"
}
Stack Trace: [
    {
        "file": "C:\\xampp\\htdocs\\COURSIER_LOCAL\\diagnostic_logs\\advanced_logger.php",
        "line": 330,
        "function": "log",
        "class": "AdvancedLogger",
        "type": "->"
    },
    {
        "file": "C:\\xampp\\htdocs\\COURSIER_LOCAL\\diagnostic_logs\\advanced_logger.php",
        "line": 388,
        "function": "logCritical"
    },
    {
        "function": "{closure}"
    }
]
=====================================
