[2025-09-03 20:47:55] INSERT Colonnes: numero_commande, client_id, expediteur_id, destinataire_id, adresse_depart, adresse_arrivee, telephone_expediteur, telephone_destinataire, description_colis, priorite, mode_paiement, prix_estime
[2025-09-03 20:47:55] INSERT Valeurs: ["SZK20250903bfc954",1,1,2,"Cocody","Plateau","773456789","777654321","Test package","normale","mobile_money",2500]
[2025-09-03 20:47:55] SQL: INSERT INTO commandes (numero_commande, client_id, expediteur_id, destinataire_id, adresse_depart, adresse_arrivee, telephone_expediteur, telephone_destinataire, description_colis, priorite, mode_paiement, prix_estime) VALUES (?, ?, ?, ?, ?, ?, ?, ?, ?, ?, ?, ?)
[2025-09-03 20:48:57] INSERT Colonnes: numero_commande, client_id, expediteur_id, destinataire_id, adresse_depart, adresse_arrivee, telephone_expediteur, telephone_destinataire, description_colis, priorite, mode_paiement, prix_estime
[2025-09-03 20:48:57] INSERT Valeurs: ["SZK202509035f7e4f",1,1,2,"Treichville","Marcory","773456789","777654321","Document urgent","urgente","orange_money",3000]
[2025-09-03 20:48:57] SQL: INSERT INTO commandes (numero_commande, client_id, expediteur_id, destinataire_id, adresse_depart, adresse_arrivee, telephone_expediteur, telephone_destinataire, description_colis, priorite, mode_paiement, prix_estime) VALUES (?, ?, ?, ?, ?, ?, ?, ?, ?, ?, ?, ?)
[2025-09-04 14:30:50] INSERT Colonnes: order_number, code_commande, client_id, expediteur_id, destinataire_id, adresse_depart, adresse_arrivee, telephone_expediteur, telephone_destinataire, description_colis, priorite, mode_paiement, prix_estime
[2025-09-04 14:30:50] INSERT Valeurs: ["SZK20250904e9d68e","SZK250904397534",1,13,15,"Champroux Stadium, Abidjan, C\u00f4te d'Ivoire","Sipim Atlantide PORT-BOU\u00cbT, Abidjan, C\u00f4te d'Ivoire","+2250758842029","+2250102453769","","normale","orange_money",0]
[2025-09-04 14:30:50] SQL: INSERT INTO commandes (order_number, code_commande, client_id, expediteur_id, destinataire_id, adresse_depart, adresse_arrivee, telephone_expediteur, telephone_destinataire, description_colis, priorite, mode_paiement, prix_estime) VALUES (?, ?, ?, ?, ?, ?, ?, ?, ?, ?, ?, ?, ?)
[2025-09-04 14:32:22] INSERT Colonnes: order_number, code_commande, client_id, expediteur_id, destinataire_id, adresse_depart, adresse_arrivee, telephone_expediteur, telephone_destinataire, description_colis, priorite, mode_paiement, prix_estime
[2025-09-04 14:32:22] INSERT Valeurs: ["SZK202509047a8f68","SZK250904389863",1,13,15,"Champroux Stadium, Abidjan, C\u00f4te d'Ivoire","Sipim Atlantide PORT-BOU\u00cbT, Abidjan, C\u00f4te d'Ivoire","+2250758842029","+2250102453769","","normale","orange_money",0]
[2025-09-04 14:32:22] SQL: INSERT INTO commandes (order_number, code_commande, client_id, expediteur_id, destinataire_id, adresse_depart, adresse_arrivee, telephone_expediteur, telephone_destinataire, description_colis, priorite, mode_paiement, prix_estime) VALUES (?, ?, ?, ?, ?, ?, ?, ?, ?, ?, ?, ?, ?)
[2025-09-04 14:54:18] INSERT Colonnes: order_number, code_commande, client_id, expediteur_id, destinataire_id, adresse_depart, adresse_arrivee, telephone_expediteur, telephone_destinataire, description_colis, priorite, mode_paiement, prix_estime
[2025-09-04 14:54:18] INSERT Valeurs: ["SZK20250904d4f58e","SZK250904506131",1,13,13,"Champroux Stadium, Abidjan, C\u00f4te d'Ivoire","Sipim Atlantide PORT-BOU\u00cbT, Abidjan, C\u00f4te d'Ivoire","+2250758842029","+2250758842029","","normale","orange_money",0]
[2025-09-04 14:54:18] SQL: INSERT INTO commandes (order_number, code_commande, client_id, expediteur_id, destinataire_id, adresse_depart, adresse_arrivee, telephone_expediteur, telephone_destinataire, description_colis, priorite, mode_paiement, prix_estime) VALUES (?, ?, ?, ?, ?, ?, ?, ?, ?, ?, ?, ?, ?)
[2025-09-04 22:03:46] INSERT Colonnes: order_number, code_commande, client_id, expediteur_id, destinataire_id, adresse_depart, adresse_arrivee, telephone_expediteur, telephone_destinataire, description_colis, priorite, mode_paiement, prix_estime
[2025-09-04 22:03:46] INSERT Valeurs: ["SZK20250904570f95","SZK250904775624",1,13,15,"Champroux Stadium, Abidjan, C\u00f4te d'Ivoire","Sipim Atlantide PORT-BOU\u00cbT, Abidjan, C\u00f4te d'Ivoire","+2250758842029","+2250102453769","","normale","orange_money",8320]
[2025-09-04 22:03:46] SQL: INSERT INTO commandes (order_number, code_commande, client_id, expediteur_id, destinataire_id, adresse_depart, adresse_arrivee, telephone_expediteur, telephone_destinataire, description_colis, priorite, mode_paiement, prix_estime) VALUES (?, ?, ?, ?, ?, ?, ?, ?, ?, ?, ?, ?, ?)
[2025-09-04 22:07:19] INSERT Colonnes: order_number, code_commande, client_id, expediteur_id, destinataire_id, adresse_depart, adresse_arrivee, telephone_expediteur, telephone_destinataire, description_colis, priorite, mode_paiement, prix_estime
[2025-09-04 22:07:19] INSERT Valeurs: ["SZK2025090480483d","SZK250904233178",1,13,15,"Champroux Stadium, Abidjan, C\u00f4te d'Ivoire","Sipim Atlantide PORT-BOU\u00cbT, Abidjan, C\u00f4te d'Ivoire","+2250758842029","+2250102453769","","normale","orange_money",8320]
[2025-09-04 22:07:19] SQL: INSERT INTO commandes (order_number, code_commande, client_id, expediteur_id, destinataire_id, adresse_depart, adresse_arrivee, telephone_expediteur, telephone_destinataire, description_colis, priorite, mode_paiement, prix_estime) VALUES (?, ?, ?, ?, ?, ?, ?, ?, ?, ?, ?, ?, ?)
[2025-09-04 22:13:44] INSERT Colonnes: order_number, code_commande, client_id, expediteur_id, destinataire_id, adresse_depart, adresse_arrivee, telephone_expediteur, telephone_destinataire, description_colis, priorite, mode_paiement, prix_estime
[2025-09-04 22:13:44] INSERT Valeurs: ["SZK20250904ac79e4","SZK250904257979",1,13,15,"Champroux Stadium, Abidjan, C\u00f4te d'Ivoire","Sipim Atlantide PORT-BOU\u00cbT, Abidjan, C\u00f4te d'Ivoire","+2250758842029","+2250102453769","","normale","orange_money",8320]
[2025-09-04 22:13:44] SQL: INSERT INTO commandes (order_number, code_commande, client_id, expediteur_id, destinataire_id, adresse_depart, adresse_arrivee, telephone_expediteur, telephone_destinataire, description_colis, priorite, mode_paiement, prix_estime) VALUES (?, ?, ?, ?, ?, ?, ?, ?, ?, ?, ?, ?, ?)
[2025-09-04 22:16:27] INSERT Colonnes: order_number, code_commande, client_id, expediteur_id, destinataire_id, adresse_depart, adresse_arrivee, telephone_expediteur, telephone_destinataire, description_colis, priorite, mode_paiement, prix_estime
[2025-09-04 22:16:27] INSERT Valeurs: ["SZK202509041d0a5c","SZK250904310764",1,13,15,"Champroux Stadium, Abidjan, C\u00f4te d'Ivoire","Sipim Atlantide PORT-BOU\u00cbT, Abidjan, C\u00f4te d'Ivoire","+2250758842029","+2250102453769","","normale","orange_money",8320]
[2025-09-04 22:16:27] SQL: INSERT INTO commandes (order_number, code_commande, client_id, expediteur_id, destinataire_id, adresse_depart, adresse_arrivee, telephone_expediteur, telephone_destinataire, description_colis, priorite, mode_paiement, prix_estime) VALUES (?, ?, ?, ?, ?, ?, ?, ?, ?, ?, ?, ?, ?)
[2025-09-04 22:18:25] INSERT Colonnes: order_number, code_commande, client_id, expediteur_id, destinataire_id, adresse_depart, adresse_arrivee, telephone_expediteur, telephone_destinataire, description_colis, priorite, mode_paiement, prix_estime
[2025-09-04 22:18:25] INSERT Valeurs: ["SZK2025090429b498","SZK250904869870",1,13,15,"Champroux Stadium, Abidjan, C\u00f4te d'Ivoire","Sipim Atlantide PORT-BOU\u00cbT, Abidjan, C\u00f4te d'Ivoire","+2250758842029","+2250102453769","","normale","orange_money",8320]
[2025-09-04 22:18:25] SQL: INSERT INTO commandes (order_number, code_commande, client_id, expediteur_id, destinataire_id, adresse_depart, adresse_arrivee, telephone_expediteur, telephone_destinataire, description_colis, priorite, mode_paiement, prix_estime) VALUES (?, ?, ?, ?, ?, ?, ?, ?, ?, ?, ?, ?, ?)
